Compiling the C compiler identification source file "CMakeCCompilerId.c" failed.
Compiler: /home/fadi/.arduino15/packages/arduino/tools/arm-none-eabi-gcc/7-2017q4/bin/arm-none-eabi-gcc 
Build flags: 
Id flags:  

The output was:
1
/home/fadi/.arduino15/packages/arduino/tools/arm-none-eabi-gcc/7-2017q4/bin/../lib/gcc/arm-none-eabi/7.2.1/../../../../arm-none-eabi/lib/libc.a(lib_a-exit.o): In function `exit':
exit.c:(.text.exit+0x2c): undefined reference to `_exit'
collect2: error: ld returned 1 exit status


Detecting C compiler ABI info failed to compile with the following output:
Change Dir: /home/fadi/work/chat_assignment/cmake-build-debug/CMakeFiles/CMakeTmp

Run Build Command(s):/usr/bin/make -f Makefile cmTC_b6e3c/fast && /usr/bin/make  -f CMakeFiles/cmTC_b6e3c.dir/build.make CMakeFiles/cmTC_b6e3c.dir/build
make[1]: Entering directory '/home/fadi/work/chat_assignment/cmake-build-debug/CMakeFiles/CMakeTmp'
Building C object CMakeFiles/cmTC_b6e3c.dir/CMakeCCompilerABI.c.o
/home/fadi/.arduino15/packages/arduino/tools/arm-none-eabi-gcc/7-2017q4/bin/arm-none-eabi-gcc   -v -o CMakeFiles/cmTC_b6e3c.dir/CMakeCCompilerABI.c.o -c /home/fadi/Downloads/CLion-2021.3.2/clion-2021.3.2/bin/cmake/linux/share/cmake-3.21/Modules/CMakeCCompilerABI.c
Using built-in specs.
COLLECT_GCC=/home/fadi/.arduino15/packages/arduino/tools/arm-none-eabi-gcc/7-2017q4/bin/arm-none-eabi-gcc
Target: arm-none-eabi
Configured with: /tmp/jenkins/jenkins-GCC-7-build_toolchain_docker-633_20171130_1512067137/src/gcc/configure --target=arm-none-eabi --prefix=/tmp/jenkins/jenkins-GCC-7-build_toolchain_docker-633_20171130_1512067137/install-native --libexecdir=/tmp/jenkins/jenkins-GCC-7-build_toolchain_docker-633_20171130_1512067137/install-native/lib --infodir=/tmp/jenkins/jenkins-GCC-7-build_toolchain_docker-633_20171130_1512067137/install-native/share/doc/gcc-arm-none-eabi/info --mandir=/tmp/jenkins/jenkins-GCC-7-build_toolchain_docker-633_20171130_1512067137/install-native/share/doc/gcc-arm-none-eabi/man --htmldir=/tmp/jenkins/jenkins-GCC-7-build_toolchain_docker-633_20171130_1512067137/install-native/share/doc/gcc-arm-none-eabi/html --pdfdir=/tmp/jenkins/jenkins-GCC-7-build_toolchain_docker-633_20171130_1512067137/install-native/share/doc/gcc-arm-none-eabi/pdf --enable-languages=c,c++ --enable-plugins --disable-decimal-float --disable-libffi --disable-libgomp --disable-libmudflap --disable-libquadmath --disable-libssp --disable-libstdcxx-pch --disable-nls --disable-shared --disable-threads --disable-tls --with-gnu-as --with-gnu-ld --with-newlib --with-headers=yes --with-python-dir=share/gcc-arm-none-eabi --with-sysroot=/tmp/jenkins/jenkins-GCC-7-build_toolchain_docker-633_20171130_1512067137/install-native/arm-none-eabi --build=x86_64-linux-gnu --host=x86_64-linux-gnu --with-gmp=/tmp/jenkins/jenkins-GCC-7-build_toolchain_docker-633_20171130_1512067137/build-native/host-libs/usr --with-mpfr=/tmp/jenkins/jenkins-GCC-7-build_toolchain_docker-633_20171130_1512067137/build-native/host-libs/usr --with-mpc=/tmp/jenkins/jenkins-GCC-7-build_toolchain_docker-633_20171130_1512067137/build-native/host-libs/usr --with-isl=/tmp/jenkins/jenkins-GCC-7-build_toolchain_docker-633_20171130_1512067137/build-native/host-libs/usr --with-libelf=/tmp/jenkins/jenkins-GCC-7-build_toolchain_docker-633_20171130_1512067137/build-native/host-libs/usr --with-host-libstdcxx='-static-libgcc -Wl,-Bstatic,-lstdc++,-Bdynamic -lm' --with-pkgversion='GNU Tools for Arm Embedded Processors 7-2017-q4-major' --with-multilib-list=rmprofile
Thread model: single
gcc version 7.2.1 20170904 (release) [ARM/embedded-7-branch revision 255204] (GNU Tools for Arm Embedded Processors 7-2017-q4-major) 
COLLECT_GCC_OPTIONS='-v' '-o' 'CMakeFiles/cmTC_b6e3c.dir/CMakeCCompilerABI.c.o' '-c'
 /home/fadi/.arduino15/packages/arduino/tools/arm-none-eabi-gcc/7-2017q4/bin/../lib/gcc/arm-none-eabi/7.2.1/cc1 -quiet -v -iprefix /home/fadi/.arduino15/packages/arduino/tools/arm-none-eabi-gcc/7-2017q4/bin/../lib/gcc/arm-none-eabi/7.2.1/ -isysroot /home/fadi/.arduino15/packages/arduino/tools/arm-none-eabi-gcc/7-2017q4/bin/../arm-none-eabi -D__USES_INITFINI__ /home/fadi/Downloads/CLion-2021.3.2/clion-2021.3.2/bin/cmake/linux/share/cmake-3.21/Modules/CMakeCCompilerABI.c -quiet -dumpbase CMakeCCompilerABI.c -auxbase-strip CMakeFiles/cmTC_b6e3c.dir/CMakeCCompilerABI.c.o -version -o /tmp/cciK1gMz.s
GNU C11 (GNU Tools for Arm Embedded Processors 7-2017-q4-major) version 7.2.1 20170904 (release) [ARM/embedded-7-branch revision 255204] (arm-none-eabi)
	compiled by GNU C version 4.8.4, GMP version 6.1.0, MPFR version 3.1.4, MPC version 1.0.3, isl version isl-0.15-GMP

GGC heuristics: --param ggc-min-expand=100 --param ggc-min-heapsize=131072
ignoring duplicate directory "/home/fadi/.arduino15/packages/arduino/tools/arm-none-eabi-gcc/7-2017q4/bin/../lib/gcc/../../lib/gcc/arm-none-eabi/7.2.1/include"
ignoring nonexistent directory "/home/fadi/.arduino15/packages/arduino/tools/arm-none-eabi-gcc/7-2017q4/bin/../arm-none-eabi/usr/local/include"
ignoring duplicate directory "/home/fadi/.arduino15/packages/arduino/tools/arm-none-eabi-gcc/7-2017q4/bin/../lib/gcc/../../lib/gcc/arm-none-eabi/7.2.1/include-fixed"
ignoring duplicate directory "/home/fadi/.arduino15/packages/arduino/tools/arm-none-eabi-gcc/7-2017q4/bin/../lib/gcc/../../lib/gcc/arm-none-eabi/7.2.1/../../../../arm-none-eabi/include"
ignoring nonexistent directory "/home/fadi/.arduino15/packages/arduino/tools/arm-none-eabi-gcc/7-2017q4/bin/../arm-none-eabi/usr/include"
#include "..." search starts here:
#include <...> search starts here:
 /home/fadi/.arduino15/packages/arduino/tools/arm-none-eabi-gcc/7-2017q4/bin/../lib/gcc/arm-none-eabi/7.2.1/include
 /home/fadi/.arduino15/packages/arduino/tools/arm-none-eabi-gcc/7-2017q4/bin/../lib/gcc/arm-none-eabi/7.2.1/include-fixed
 /home/fadi/.arduino15/packages/arduino/tools/arm-none-eabi-gcc/7-2017q4/bin/../lib/gcc/arm-none-eabi/7.2.1/../../../../arm-none-eabi/include
End of search list.
GNU C11 (GNU Tools for Arm Embedded Processors 7-2017-q4-major) version 7.2.1 20170904 (release) [ARM/embedded-7-branch revision 255204] (arm-none-eabi)
	compiled by GNU C version 4.8.4, GMP version 6.1.0, MPFR version 3.1.4, MPC version 1.0.3, isl version isl-0.15-GMP

GGC heuristics: --param ggc-min-expand=100 --param ggc-min-heapsize=131072
Compiler executable checksum: 1d76a909f726f6b106e4dfbebe199a23
COLLECT_GCC_OPTIONS='-v' '-o' 'CMakeFiles/cmTC_b6e3c.dir/CMakeCCompilerABI.c.o' '-c'
 /home/fadi/.arduino15/packages/arduino/tools/arm-none-eabi-gcc/7-2017q4/bin/../lib/gcc/arm-none-eabi/7.2.1/../../../../arm-none-eabi/bin/as -v -meabi=5 -o CMakeFiles/cmTC_b6e3c.dir/CMakeCCompilerABI.c.o /tmp/cciK1gMz.s
GNU assembler version 2.29.51 (arm-none-eabi) using BFD version (GNU Tools for Arm Embedded Processors 7-2017-q4-major) 2.29.51.20171128
COMPILER_PATH=/home/fadi/.arduino15/packages/arduino/tools/arm-none-eabi-gcc/7-2017q4/bin/../lib/gcc/arm-none-eabi/7.2.1/:/home/fadi/.arduino15/packages/arduino/tools/arm-none-eabi-gcc/7-2017q4/bin/../lib/gcc/:/home/fadi/.arduino15/packages/arduino/tools/arm-none-eabi-gcc/7-2017q4/bin/../lib/gcc/arm-none-eabi/7.2.1/../../../../arm-none-eabi/bin/
LIBRARY_PATH=/home/fadi/.arduino15/packages/arduino/tools/arm-none-eabi-gcc/7-2017q4/bin/../lib/gcc/arm-none-eabi/7.2.1/:/home/fadi/.arduino15/packages/arduino/tools/arm-none-eabi-gcc/7-2017q4/bin/../lib/gcc/:/home/fadi/.arduino15/packages/arduino/tools/arm-none-eabi-gcc/7-2017q4/bin/../lib/gcc/arm-none-eabi/7.2.1/../../../../arm-none-eabi/lib/:/home/fadi/.arduino15/packages/arduino/tools/arm-none-eabi-gcc/7-2017q4/bin/../arm-none-eabi/lib/
COLLECT_GCC_OPTIONS='-v' '-o' 'CMakeFiles/cmTC_b6e3c.dir/CMakeCCompilerABI.c.o' '-c'
Linking C executable cmTC_b6e3c
/home/fadi/Downloads/CLion-2021.3.2/clion-2021.3.2/bin/cmake/linux/bin/cmake -E cmake_link_script CMakeFiles/cmTC_b6e3c.dir/link.txt --verbose=1
/home/fadi/.arduino15/packages/arduino/tools/arm-none-eabi-gcc/7-2017q4/bin/arm-none-eabi-gcc  -v CMakeFiles/cmTC_b6e3c.dir/CMakeCCompilerABI.c.o -o cmTC_b6e3c 
Using built-in specs.
COLLECT_GCC=/home/fadi/.arduino15/packages/arduino/tools/arm-none-eabi-gcc/7-2017q4/bin/arm-none-eabi-gcc
COLLECT_LTO_WRAPPER=/home/fadi/.arduino15/packages/arduino/tools/arm-none-eabi-gcc/7-2017q4/bin/../lib/gcc/arm-none-eabi/7.2.1/lto-wrapper
Target: arm-none-eabi
Configured with: /tmp/jenkins/jenkins-GCC-7-build_toolchain_docker-633_20171130_1512067137/src/gcc/configure --target=arm-none-eabi --prefix=/tmp/jenkins/jenkins-GCC-7-build_toolchain_docker-633_20171130_1512067137/install-native --libexecdir=/tmp/jenkins/jenkins-GCC-7-build_toolchain_docker-633_20171130_1512067137/install-native/lib --infodir=/tmp/jenkins/jenkins-GCC-7-build_toolchain_docker-633_20171130_1512067137/install-native/share/doc/gcc-arm-none-eabi/info --mandir=/tmp/jenkins/jenkins-GCC-7-build_toolchain_docker-633_20171130_1512067137/install-native/share/doc/gcc-arm-none-eabi/man --htmldir=/tmp/jenkins/jenkins-GCC-7-build_toolchain_docker-633_20171130_1512067137/install-native/share/doc/gcc-arm-none-eabi/html --pdfdir=/tmp/jenkins/jenkins-GCC-7-build_toolchain_docker-633_20171130_1512067137/install-native/share/doc/gcc-arm-none-eabi/pdf --enable-languages=c,c++ --enable-plugins --disable-decimal-float --disable-libffi --disable-libgomp --disable-libmudflap --disable-libquadmath --disable-libssp --disable-libstdcxx-pch --disable-nls --disable-shared --disable-threads --disable-tls --with-gnu-as --with-gnu-ld --with-newlib --with-headers=yes --with-python-dir=share/gcc-arm-none-eabi --with-sysroot=/tmp/jenkins/jenkins-GCC-7-build_toolchain_docker-633_20171130_1512067137/install-native/arm-none-eabi --build=x86_64-linux-gnu --host=x86_64-linux-gnu --with-gmp=/tmp/jenkins/jenkins-GCC-7-build_toolchain_docker-633_20171130_1512067137/build-native/host-libs/usr --with-mpfr=/tmp/jenkins/jenkins-GCC-7-build_toolchain_docker-633_20171130_1512067137/build-native/host-libs/usr --with-mpc=/tmp/jenkins/jenkins-GCC-7-build_toolchain_docker-633_20171130_1512067137/build-native/host-libs/usr --with-isl=/tmp/jenkins/jenkins-GCC-7-build_toolchain_docker-633_20171130_1512067137/build-native/host-libs/usr --with-libelf=/tmp/jenkins/jenkins-GCC-7-build_toolchain_docker-633_20171130_1512067137/build-native/host-libs/usr --with-host-libstdcxx='-static-libgcc -Wl,-Bstatic,-lstdc++,-Bdynamic -lm' --with-pkgversion='GNU Tools for Arm Embedded Processors 7-2017-q4-major' --with-multilib-list=rmprofile
Thread model: single
gcc version 7.2.1 20170904 (release) [ARM/embedded-7-branch revision 255204] (GNU Tools for Arm Embedded Processors 7-2017-q4-major) 
COMPILER_PATH=/home/fadi/.arduino15/packages/arduino/tools/arm-none-eabi-gcc/7-2017q4/bin/../lib/gcc/arm-none-eabi/7.2.1/:/home/fadi/.arduino15/packages/arduino/tools/arm-none-eabi-gcc/7-2017q4/bin/../lib/gcc/:/home/fadi/.arduino15/packages/arduino/tools/arm-none-eabi-gcc/7-2017q4/bin/../lib/gcc/arm-none-eabi/7.2.1/../../../../arm-none-eabi/bin/
LIBRARY_PATH=/home/fadi/.arduino15/packages/arduino/tools/arm-none-eabi-gcc/7-2017q4/bin/../lib/gcc/arm-none-eabi/7.2.1/:/home/fadi/.arduino15/packages/arduino/tools/arm-none-eabi-gcc/7-2017q4/bin/../lib/gcc/:/home/fadi/.arduino15/packages/arduino/tools/arm-none-eabi-gcc/7-2017q4/bin/../lib/gcc/arm-none-eabi/7.2.1/../../../../arm-none-eabi/lib/:/home/fadi/.arduino15/packages/arduino/tools/arm-none-eabi-gcc/7-2017q4/bin/../arm-none-eabi/lib/
COLLECT_GCC_OPTIONS='-v' '-o' 'cmTC_b6e3c'
 /home/fadi/.arduino15/packages/arduino/tools/arm-none-eabi-gcc/7-2017q4/bin/../lib/gcc/arm-none-eabi/7.2.1/collect2 -plugin /home/fadi/.arduino15/packages/arduino/tools/arm-none-eabi-gcc/7-2017q4/bin/../lib/gcc/arm-none-eabi/7.2.1/liblto_plugin.so -plugin-opt=/home/fadi/.arduino15/packages/arduino/tools/arm-none-eabi-gcc/7-2017q4/bin/../lib/gcc/arm-none-eabi/7.2.1/lto-wrapper -plugin-opt=-fresolution=/tmp/ccyi0nd5.res -plugin-opt=-pass-through=-lgcc -plugin-opt=-pass-through=-lc --sysroot=/home/fadi/.arduino15/packages/arduino/tools/arm-none-eabi-gcc/7-2017q4/bin/../arm-none-eabi -X -o cmTC_b6e3c /home/fadi/.arduino15/packages/arduino/tools/arm-none-eabi-gcc/7-2017q4/bin/../lib/gcc/arm-none-eabi/7.2.1/crti.o /home/fadi/.arduino15/packages/arduino/tools/arm-none-eabi-gcc/7-2017q4/bin/../lib/gcc/arm-none-eabi/7.2.1/crtbegin.o /home/fadi/.arduino15/packages/arduino/tools/arm-none-eabi-gcc/7-2017q4/bin/../lib/gcc/arm-none-eabi/7.2.1/../../../../arm-none-eabi/lib/crt0.o -L/home/fadi/.arduino15/packages/arduino/tools/arm-none-eabi-gcc/7-2017q4/bin/../lib/gcc/arm-none-eabi/7.2.1 -L/home/fadi/.arduino15/packages/arduino/tools/arm-none-eabi-gcc/7-2017q4/bin/../lib/gcc -L/home/fadi/.arduino15/packages/arduino/tools/arm-none-eabi-gcc/7-2017q4/bin/../lib/gcc/arm-none-eabi/7.2.1/../../../../arm-none-eabi/lib -L/home/fadi/.arduino15/packages/arduino/tools/arm-none-eabi-gcc/7-2017q4/bin/../arm-none-eabi/lib CMakeFiles/cmTC_b6e3c.dir/CMakeCCompilerABI.c.o --start-group -lgcc -lc --end-group /home/fadi/.arduino15/packages/arduino/tools/arm-none-eabi-gcc/7-2017q4/bin/../lib/gcc/arm-none-eabi/7.2.1/crtend.o /home/fadi/.arduino15/packages/arduino/tools/arm-none-eabi-gcc/7-2017q4/bin/../lib/gcc/arm-none-eabi/7.2.1/crtn.o
/home/fadi/.arduino15/packages/arduino/tools/arm-none-eabi-gcc/7-2017q4/bin/../lib/gcc/arm-none-eabi/7.2.1/../../../../arm-none-eabi/lib/libc.a(lib_a-exit.o): In function `exit':
exit.c:(.text.exit+0x2c): undefined reference to `_exit'
collect2: error: ld returned 1 exit status
make[1]: *** [CMakeFiles/cmTC_b6e3c.dir/build.make:99: cmTC_b6e3c] Error 1
make[1]: Leaving directory '/home/fadi/work/chat_assignment/cmake-build-debug/CMakeFiles/CMakeTmp'
make: *** [Makefile:127: cmTC_b6e3c/fast] Error 2




Determining if the C compiler works failed with the following output:
Change Dir: /home/fadi/work/chat_assignment/cmake-build-debug/CMakeFiles/CMakeTmp

Run Build Command(s):/usr/bin/make -f Makefile cmTC_15f0e/fast && /usr/bin/make  -f CMakeFiles/cmTC_15f0e.dir/build.make CMakeFiles/cmTC_15f0e.dir/build
make[1]: Entering directory '/home/fadi/work/chat_assignment/cmake-build-debug/CMakeFiles/CMakeTmp'
Building C object CMakeFiles/cmTC_15f0e.dir/testCCompiler.c.o
/home/fadi/.arduino15/packages/arduino/tools/arm-none-eabi-gcc/7-2017q4/bin/arm-none-eabi-gcc    -o CMakeFiles/cmTC_15f0e.dir/testCCompiler.c.o -c /home/fadi/work/chat_assignment/cmake-build-debug/CMakeFiles/CMakeTmp/testCCompiler.c
Linking C executable cmTC_15f0e
/home/fadi/Downloads/CLion-2021.3.2/clion-2021.3.2/bin/cmake/linux/bin/cmake -E cmake_link_script CMakeFiles/cmTC_15f0e.dir/link.txt --verbose=1
/home/fadi/.arduino15/packages/arduino/tools/arm-none-eabi-gcc/7-2017q4/bin/arm-none-eabi-gcc CMakeFiles/cmTC_15f0e.dir/testCCompiler.c.o -o cmTC_15f0e 
/home/fadi/.arduino15/packages/arduino/tools/arm-none-eabi-gcc/7-2017q4/bin/../lib/gcc/arm-none-eabi/7.2.1/../../../../arm-none-eabi/lib/libc.a(lib_a-exit.o): In function `exit':
exit.c:(.text.exit+0x2c): undefined reference to `_exit'
collect2: error: ld returned 1 exit status
make[1]: *** [CMakeFiles/cmTC_15f0e.dir/build.make:99: cmTC_15f0e] Error 1
make[1]: Leaving directory '/home/fadi/work/chat_assignment/cmake-build-debug/CMakeFiles/CMakeTmp'
make: *** [Makefile:127: cmTC_15f0e/fast] Error 2



